<?xml version="1.0" encoding="UTF-8"?>
<!-- Generated by org.testng.reporters.JUnitReportReporter -->
<testsuite hostname="DESKTOP-P2DJP4T" failures="0" tests="9" name="com.violetis.Tests.HomePageTest" time="1327.257" errors="1" timestamp="2025-10-06T17:57:30 IST" skipped="0">
  <testcase classname="com.violetis.Tests.HomePageTest" name="testHRSubMenus" time="152.762"/>
  <testcase classname="com.violetis.Tests.HomePageTest" name="testHRSubMenus" time="204.511"/>
  <testcase classname="com.violetis.Tests.HomePageTest" name="testHRSubMenus" time="180.226"/>
  <testcase classname="com.violetis.Tests.HomePageTest" name="testCRMSubMenus" time="156.987"/>
  <testcase classname="com.violetis.Tests.HomePageTest" name="testCRMSubMenus" time="145.671"/>
  <testcase classname="com.violetis.Tests.HomePageTest" name="testCRMSubMenus" time="144.139"/>
  <testcase classname="com.violetis.Tests.HomePageTest" name="testMailSubMenus" time="104.184">
    <error message="element not interactable: element has zero size
  (Session info: MicrosoftEdge=141.0.3537.57)
Build info: version: &#039;4.35.0&#039;, revision: &#039;1c58e5028b&#039;
System info: os.name: &#039;Windows 10&#039;, os.arch: &#039;amd64&#039;, os.version: &#039;10.0&#039;, java.version: &#039;23.0.1&#039;
Driver info: org.openqa.selenium.edge.EdgeDriver
Command: [51652ef2e842caeac49f235f7defd2cf, clickElement {id=f.DC915868315C6FEEBFC7AC28ED0B03C3.d.D056B4044A0C20E150D1C3C679F80553.e.189}]
Capabilities {acceptInsecureCerts: false, browserName: MicrosoftEdge, browserVersion: 141.0.3537.57, fedcm:accounts: true, ms:edgeOptions: {debuggerAddress: localhost:63074}, msedge: {msedgedriverVersion: 141.0.3537.57 (edf1b001e567..., userDataDir: C:\Users\Dell\AppData\Local...}, networkConnectionEnabled: false, pageLoadStrategy: normal, platformName: windows, proxy: Proxy(), se:cdp: ws://localhost:63074/devtoo..., se:cdpVersion: 141.0.3537.57, setWindowRect: true, strictFileInteractability: false, timeouts: {implicit: 0, pageLoad: 300000, script: 30000}, unhandledPromptBehavior: dismiss and notify, webauthn:extension:credBlob: true, webauthn:extension:largeBlob: true, webauthn:extension:minPinLength: true, webauthn:extension:prf: true, webauthn:virtualAuthenticators: true}
Element: [[EdgeDriver: MicrosoftEdge on windows (51652ef2e842caeac49f235f7defd2cf)] -&gt; xpath: //*[@id=&quot;navbarContent&quot;]/div/ul/li[3]/ul/li/a]
Session ID: 51652ef2e842caeac49f235f7defd2cf" type="org.openqa.selenium.ElementNotInteractableException">
      <![CDATA[org.openqa.selenium.ElementNotInteractableException: element not interactable: element has zero size
  (Session info: MicrosoftEdge=141.0.3537.57)
Build info: version: '4.35.0', revision: '1c58e5028b'
System info: os.name: 'Windows 10', os.arch: 'amd64', os.version: '10.0', java.version: '23.0.1'
Driver info: org.openqa.selenium.edge.EdgeDriver
Command: [51652ef2e842caeac49f235f7defd2cf, clickElement {id=f.DC915868315C6FEEBFC7AC28ED0B03C3.d.D056B4044A0C20E150D1C3C679F80553.e.189}]
Capabilities {acceptInsecureCerts: false, browserName: MicrosoftEdge, browserVersion: 141.0.3537.57, fedcm:accounts: true, ms:edgeOptions: {debuggerAddress: localhost:63074}, msedge: {msedgedriverVersion: 141.0.3537.57 (edf1b001e567..., userDataDir: C:\Users\Dell\AppData\Local...}, networkConnectionEnabled: false, pageLoadStrategy: normal, platformName: windows, proxy: Proxy(), se:cdp: ws://localhost:63074/devtoo..., se:cdpVersion: 141.0.3537.57, setWindowRect: true, strictFileInteractability: false, timeouts: {implicit: 0, pageLoad: 300000, script: 30000}, unhandledPromptBehavior: dismiss and notify, webauthn:extension:credBlob: true, webauthn:extension:largeBlob: true, webauthn:extension:minPinLength: true, webauthn:extension:prf: true, webauthn:virtualAuthenticators: true}
Element: [[EdgeDriver: MicrosoftEdge on windows (51652ef2e842caeac49f235f7defd2cf)] -> xpath: //*[@id="navbarContent"]/div/ul/li[3]/ul/li/a]
Session ID: 51652ef2e842caeac49f235f7defd2cf
at java.base/jdk.internal.reflect.DirectConstructorHandleAccessor.newInstance(DirectConstructorHandleAccessor.java:62)
at java.base/java.lang.reflect.Constructor.newInstanceWithCaller(Constructor.java:501)
at java.base/java.lang.reflect.Constructor.newInstance(Constructor.java:485)
at org.openqa.selenium.remote.ErrorCodec.decode(ErrorCodec.java:167)
at org.openqa.selenium.remote.codec.w3c.W3CHttpResponseCodec.decode(W3CHttpResponseCodec.java:138)
at org.openqa.selenium.remote.codec.w3c.W3CHttpResponseCodec.decode(W3CHttpResponseCodec.java:50)
at org.openqa.selenium.remote.HttpCommandExecutor.execute(HttpCommandExecutor.java:215)
at org.openqa.selenium.remote.service.DriverCommandExecutor.invokeExecute(DriverCommandExecutor.java:216)
at org.openqa.selenium.remote.service.DriverCommandExecutor.execute(DriverCommandExecutor.java:174)
at org.openqa.selenium.remote.RemoteWebDriver.execute(RemoteWebDriver.java:557)
at org.openqa.selenium.remote.RemoteWebElement.execute(RemoteWebElement.java:223)
at org.openqa.selenium.remote.RemoteWebElement.click(RemoteWebElement.java:76)
at com.violetis.Pages.HomePage.clickSubMenu(HomePage.java:60)
at com.violetis.Pages.HomePage.clickMailSubMenu(HomePage.java:80)
at com.violetis.Tests.HomePageTest.lambda$2(HomePageTest.java:77)
at com.violetis.Tests.HomePageTest.validateSubMenus(HomePageTest.java:27)
at com.violetis.Tests.HomePageTest.testMailSubMenus(HomePageTest.java:73)
at java.base/jdk.internal.reflect.DirectMethodHandleAccessor.invoke(DirectMethodHandleAccessor.java:103)
at java.base/java.lang.reflect.Method.invoke(Method.java:580)
at org.testng.internal.invokers.MethodInvocationHelper.invokeMethod(MethodInvocationHelper.java:141)
at org.testng.internal.invokers.TestInvoker.invokeMethod(TestInvoker.java:687)
at org.testng.internal.invokers.TestInvoker.invokeTestMethod(TestInvoker.java:230)
at org.testng.internal.invokers.MethodRunner.runInSequence(MethodRunner.java:63)
at org.testng.internal.invokers.TestInvoker$MethodInvocationAgent.invoke(TestInvoker.java:995)
at org.testng.internal.invokers.TestInvoker.invokeTestMethods(TestInvoker.java:203)
at org.testng.internal.invokers.TestMethodWorker.invokeTestMethods(TestMethodWorker.java:154)
at org.testng.internal.invokers.TestMethodWorker.run(TestMethodWorker.java:134)
at java.base/java.util.ArrayList.forEach(ArrayList.java:1597)
at org.testng.TestRunner.privateRun(TestRunner.java:741)
at org.testng.TestRunner.run(TestRunner.java:616)
at org.testng.SuiteRunner.runTest(SuiteRunner.java:421)
at org.testng.SuiteRunner$SuiteWorker.run(SuiteRunner.java:463)
at org.testng.internal.thread.ThreadUtil.lambda$execute$0(ThreadUtil.java:64)
at java.base/java.util.concurrent.FutureTask.run(FutureTask.java:317)
at java.base/java.util.concurrent.ThreadPoolExecutor.runWorker(ThreadPoolExecutor.java:1144)
at java.base/java.util.concurrent.ThreadPoolExecutor$Worker.run(ThreadPoolExecutor.java:642)
at java.base/java.lang.Thread.run(Thread.java:1575)
]]>
    </error>
  </testcase> <!-- testMailSubMenus -->
  <testcase classname="com.violetis.Tests.HomePageTest" name="testMailSubMenus" time="100.818"/>
  <testcase classname="com.violetis.Tests.HomePageTest" name="testMailSubMenus" time="137.959"/>
</testsuite> <!-- com.violetis.Tests.HomePageTest -->
