<?xml version="1.0" encoding="UTF-8"?>
<!-- Generated by org.testng.reporters.JUnitReportReporter -->
<testsuite hostname="DESKTOP-P2DJP4T" failures="0" tests="3" name="com.violetis.Tests.HomePageTest" time="1184.478" errors="0" timestamp="2025-09-24T18:51:36 IST" skipped="0">
  <testcase classname="com.violetis.Tests.HomePageTest" name="testHRSubMenus" time="251.122"/>
  <testcase classname="com.violetis.Tests.HomePageTest" name="testCRMSubMenus" time="529.642"/>
  <testcase classname="com.violetis.Tests.HomePageTest" name="testMailSubMenus" time="403.714"/>
</testsuite> <!-- com.violetis.Tests.HomePageTest -->
