<?xml version="1.0" encoding="UTF-8"?>
<!-- Generated by org.testng.reporters.JUnitReportReporter -->
<testsuite hostname="DESKTOP-P2DJP4T" failures="0" tests="3" name="com.violetis.Tests.SignupDDTTest" time="173.908" errors="0" timestamp="2025-09-24T19:24:01 IST" skipped="0">
  <testcase classname="com.violetis.Tests.SignupDDTTest" name="testSignupWithExcelData" time="57.013"/>
  <testcase classname="com.violetis.Tests.SignupDDTTest" name="testSignupWithExcelData" time="62.113"/>
  <testcase classname="com.violetis.Tests.SignupDDTTest" name="testSignupWithExcelData" time="54.782"/>
</testsuite> <!-- com.violetis.Tests.SignupDDTTest -->
